
(ADJP


(ADJP
(ADVP


(ADVP
(CONJP


(CONJP
(FRAG


(FRAG
(INTJ


(INTJ
(LST


(LST
(NAC


(NAC
(NP


(NP
(NX


(NX
(PP


(PP
(PRN


(PRN
(PRT


(PRT
(QP


(QP
(RRC


(RRC
(S


(S
(SBAR


(SBAR
(SBARQ


(SBARQ
(SINV


(SINV
(SQ


(SQ
(UCP


(UCP
(VP


(VP
(WHADJP


(WHADJP
(WHADVP


(WHADVP
(WHNP


(WHNP
(WHPP


(WHPP
(X


(X
(ADJP(QP


(ADJP(QP
(FRAG(ADJP


(FRAG(ADJP
(FRAG(NP


(FRAG(NP
(NP(QP


(NP(QP
(PRN(S


(PRN(S
(S(ADJP


(S(ADJP
(S(NP


(S(NP
(S(PP


(S(PP
(S(VP


(S(VP
(SBAR(S


(SBAR(S
(SBAR(S(VP


(SBAR(S(VP
(SBAR(SINV


(SBAR(SINV
(SQ(VP


(SQ(VP
(VP(PP


(VP(PP
